<?xml version="1.0" encoding="UTF-8"?>
<testng-results ignored="0" total="1" passed="1" failed="0" skipped="0">
  <reporter-output>
  </reporter-output>
  <suite started-at="2022-09-08T12:58:35 IST" name="Default suite" finished-at="2022-09-08T12:58:39 IST" duration-ms="4331">
    <groups>
    </groups>
    <test started-at="2022-09-08T12:58:35 IST" name="Default test" finished-at="2022-09-08T12:58:39 IST" duration-ms="4331">
      <class name="com.practice.generic.DeleteProjectTest">
        <test-method signature="delete()[pri:0, instance:com.practice.generic.DeleteProjectTest@1cbb87f3]" started-at="2022-09-08T12:58:35 IST" name="delete" finished-at="2022-09-08T12:58:39 IST" duration-ms="4263" status="PASS">
          <reporter-output>
          </reporter-output>
        </test-method> <!-- delete -->
      </class> <!-- com.practice.generic.DeleteProjectTest -->
    </test> <!-- Default test -->
  </suite> <!-- Default suite -->
</testng-results>
